Arguments: 
  C:\Program Files\nodejs\node.exe C:\Users\玄策\AppData\Roaming\npm\node_modules\yarn\bin\yarn.js install

PATH: 
  C:\WINDOWS\system32;C:\WINDOWS;C:\WINDOWS\System32\Wbem;C:\WINDOWS\System32\WindowsPowerShell\v1.0\;C:\WINDOWS\System32\OpenSSH\;C:\Program Files\nodejs\;C:\ProgramData\chocolatey\bin;C:\Program Files\Microsoft VS Code\bin;C:\Program Files\Git\cmd;C:\Users\玄策\AppData\Local\Microsoft\WindowsApps;C:\Users\玄策\AppData\Roaming\npm

Yarn version: 
  1.22.18

Node version: 
  16.14.2

Platform: 
  win32 x64

Trace: 
  Error: connect ETIMEDOUT 104.16.19.35:443
      at TCPConnectWrap.afterConnect [as oncomplete] (node:net:1157:16)

npm manifest: 
  {
    "name": "bbkmobile",
    "version": "0.1.0",
    "private": true,
    "scripts": {
      "serve": "vue-cli-service serve",
      "build": "vue-cli-service build",
      "lint": "vue-cli-service lint"
    },
    "dependencies": {
      "animate.css": "^4.1.1",
      "axios": "^0.21.1",
      "clipboard": "^2.0.6",
      "core-js": "^3.6.5",
      "echarts": "^5.0.1",
      "less": "^4.1.1",
      "less-loader": "^7.3.0",
      "lightweight-charts": "^3.2.0",
      "moment": "^2.29.1",
      "muse-ui": "^3.0.2",
      "muse-ui-loading": "^0.2.0",
      "muse-ui-message": "^0.2.1",
      "muse-ui-progress": "^0.1.0",
      "muse-ui-toast": "^0.3.0",
      "node-sass": "^5.0.0",
      "qrcodejs2": "^0.0.2",
      "qs": "^6.5.2",
      "sass": "^1.32.5",
      "sass-loader": "^10.1.1",
      "scss": "^0.2.4",
      "scss-loader": "^0.0.1",
      "swiper": "^5.2.0",
      "typeface-roboto": "^1.1.13",
      "vue": "^2.6.8",
      "vue-awesome-swiper": "^4.1.1",
      "vue-axios": "^3.2.2",
      "vue-cookies": "^1.7.4",
      "vue-echarts": "^5.0.0-beta.0",
      "vue-i18n": "^8.22.4",
      "vue-router": "^3.2.0",
      "vue-socket.io": "^3.0.10",
      "vuex": "^3.6.0"
    },
    "devDependencies": {
      "@vue/cli-plugin-babel": "~4.5.0",
      "@vue/cli-plugin-eslint": "~4.5.0",
      "@vue/cli-plugin-router": "~4.5.0",
      "@vue/cli-service": "~4.5.0",
      "babel-eslint": "^10.1.0",
      "eslint": "^6.7.2",
      "eslint-plugin-vue": "^6.2.2",
      "vue-template-compiler": "^2.6.8"
    },
    "eslintConfig": {},
    "browserslist": [
      "> 1%",
      "last 2 versions",
      "not dead"
    ]
  }

yarn manifest: 
  No manifest

Lockfile: 
  No lockfile
